<?xml version="1.0" encoding="UTF-8"?>
<testng-results ignored="0" total="1" passed="1" failed="0" skipped="0">
  <reporter-output>
  </reporter-output>
  <suite started-at="2024-01-17T18:20:57 IST" name="Default suite" finished-at="2024-01-17T18:21:12 IST" duration-ms="15335">
    <groups>
    </groups>
    <test started-at="2024-01-17T18:20:57 IST" name="Default test" finished-at="2024-01-17T18:21:12 IST" duration-ms="15335">
      <class name="com.PetStore.PetTest">
        <test-method signature="createPet()[pri:0, instance:com.PetStore.PetTest@17f62e33]" started-at="2024-01-17T18:20:57 IST" name="createPet" finished-at="2024-01-17T18:21:12 IST" duration-ms="15237" status="PASS">
          <reporter-output>
          </reporter-output>
        </test-method> <!-- createPet -->
      </class> <!-- com.PetStore.PetTest -->
    </test> <!-- Default test -->
  </suite> <!-- Default suite -->
</testng-results>
